<?xml version="1.0" encoding="UTF-8"?>
<!-- Generated by org.testng.reporters.JUnitXMLReporter -->
<testsuite hostname="dell-PC" ignored="0" name="Test(failed)" tests="1" failures="1" timestamp="16 Oct 2019 04:45:10 GMT" time="21.223" errors="0">
  <testcase name="verify_studio_page_title" time="0.089" classname="WeightWatchePageTest.WeightWatcherStudiopageTest">
    <failure type="java.lang.AssertionError" message="expected [true] but found [false]">
      <![CDATA[java.lang.AssertionError: expected [true] but found [false]
at WeightWatchePageTest.WeightWatcherStudiopageTest.verify_studio_page_title(WeightWatcherStudiopageTest.java:43)
... Removed 31 stack frames]]>
    </failure>
  </testcase> <!-- verify_studio_page_title -->
</testsuite> <!-- Test(failed) -->
