<?xml version="1.0" encoding="UTF-8"?>
<!-- Generated by org.testng.reporters.JUnitXMLReporter -->
<testsuite hostname="dell-PC" ignored="0" name="Test" tests="6" failures="0" timestamp="18 Oct 2019 04:52:09 GMT" time="170.942" errors="0">
  <testcase name="@BeforeMethod startup" time="24.045" classname="WeightWatchePageTest.WeightWatcherStudiopageTest">
    <failure type="org.openqa.selenium.TimeoutException" message="timeout
  (Session info: chrome=77.0.3865.120)
Build info: version: &amp;apos;3.141.59&amp;apos;, revision: &amp;apos;e82be7d358&amp;apos;, time: &amp;apos;2018-11-14T08:17:03&amp;apos;
System info: host: &amp;apos;DELL-PC&amp;apos;, ip: &amp;apos;192.168.56.1&amp;apos;, os.name: &amp;apos;Windows 10&amp;apos;, os.arch: &amp;apos;amd64&amp;apos;, os.version: &amp;apos;10.0&amp;apos;, java.version: &amp;apos;1.8.0_191&amp;apos;
Driver info: org.openqa.selenium.chrome.ChromeDriver
Capabilities {acceptInsecureCerts: false, browserName: chrome, browserVersion: 77.0.3865.120, chrome: {chromedriverVersion: 77.0.3865.40 (f484704e052e0..., userDataDir: C:\Users\dell\AppData\Local...}, goog:chromeOptions: {debuggerAddress: localhost:56001}, javascriptEnabled: true, networkConnectionEnabled: false, pageLoadStrategy: normal, platform: XP, platformName: XP, proxy: Proxy(), setWindowRect: true, strictFileInteractability: false, timeouts: {implicit: 0, pageLoad: 300000, script: 30000}, unhandledPromptBehavior: dismiss and notify}
Session ID: a51643f67c206c40ad8f6fce064e43ba">
      <![CDATA[org.openqa.selenium.TimeoutException: timeout
  (Session info: chrome=77.0.3865.120)
Build info: version: '3.141.59', revision: 'e82be7d358', time: '2018-11-14T08:17:03'
System info: host: 'DELL-PC', ip: '192.168.56.1', os.name: 'Windows 10', os.arch: 'amd64', os.version: '10.0', java.version: '1.8.0_191'
Driver info: org.openqa.selenium.chrome.ChromeDriver
Capabilities {acceptInsecureCerts: false, browserName: chrome, browserVersion: 77.0.3865.120, chrome: {chromedriverVersion: 77.0.3865.40 (f484704e052e0..., userDataDir: C:\Users\dell\AppData\Local...}, goog:chromeOptions: {debuggerAddress: localhost:56001}, javascriptEnabled: true, networkConnectionEnabled: false, pageLoadStrategy: normal, platform: XP, platformName: XP, proxy: Proxy(), setWindowRect: true, strictFileInteractability: false, timeouts: {implicit: 0, pageLoad: 300000, script: 30000}, unhandledPromptBehavior: dismiss and notify}
Session ID: a51643f67c206c40ad8f6fce064e43ba
at org.openqa.selenium.remote.http.W3CHttpResponseCodec.createException(W3CHttpResponseCodec.java:187)
at org.openqa.selenium.remote.http.W3CHttpResponseCodec.decode(W3CHttpResponseCodec.java:122)
at org.openqa.selenium.remote.http.W3CHttpResponseCodec.decode(W3CHttpResponseCodec.java:49)
at org.openqa.selenium.remote.HttpCommandExecutor.execute(HttpCommandExecutor.java:158)
at org.openqa.selenium.remote.service.DriverCommandExecutor.execute(DriverCommandExecutor.java:83)
at org.openqa.selenium.remote.RemoteWebDriver.execute(RemoteWebDriver.java:552)
at org.openqa.selenium.remote.RemoteWebDriver.get(RemoteWebDriver.java:277)
at basePackage.BaseClass.initialization(BaseClass.java:53)
at WeightWatchePageTest.WeightWatcherStudiopageTest.startup(WeightWatcherStudiopageTest.java:26)
... Removed 32 stack frames]]>
    </failure>
  </testcase> <!-- @BeforeMethod startup -->
  <testcase name="@AfterMethod teardown" time="0.0" classname="WeightWatchePageTest.WeightWatcherStudiopageTest">
    <skipped/>
  </testcase> <!-- @AfterMethod teardown -->
  <testcase name="completeTest" time="15.425" classname="WeightWatchePageTest.WeightWatcherCompleteTest"/>
  <testcase name="verify_studio_page_title" time="0.0" classname="WeightWatchePageTest.WeightWatcherStudiopageTest">
    <skipped/>
  </testcase> <!-- verify_studio_page_title -->
  <testcase name="print_First_result_title_and_distance" time="2.756" classname="WeightWatchePageTest.WeightWatcherSearchResultTest"/>
  <testcase name="Today_hours_of_operation" time="6.967" classname="WeightWatchePageTest.WeightWatcherSingleResultpageTest"/>
  <testcase name="match_titlename_with_selected_result" time="5.785" classname="WeightWatchePageTest.WeightWatcherSingleResultpageTest"/>
  <testcase name="verifyHomepageTitle" time="0.257" classname="WeightWatchePageTest.WeightWatcherHomepageTest"/>
</testsuite> <!-- Test -->
